Arguments: 
  /home/romain/.nvm/versions/node/v16.15.1/bin/node /home/romain/.nvm/versions/node/v16.15.1/bin/yarn install

PATH: 
  /home/romain/.rvm/gems/ruby-3.3.6/bin:/home/romain/.rvm/gems/ruby-3.3.6@global/bin:/home/romain/.rvm/rubies/ruby-3.3.6/bin:/home/romain/.rvm/bin:./bin:./node_modules/.bin:/home/romain/.nvm/versions/node/v16.15.1/bin:/home/romain/.rbenv/shims:/home/romain/.rbenv/bin:/home/romain/.pyenv/bin:/usr/local/sbin:/usr/local/bin:/usr/sbin:/usr/bin:/sbin:/bin:/usr/games:/usr/local/games:/usr/lib/wsl/lib:/mnt/c/Program Files (x86)/Common Files/Intel/Shared Libraries/redist/intel64/compiler:/mnt/c/Windows/system32:/mnt/c/Windows:/mnt/c/Windows/System32/Wbem:/mnt/c/Windows/System32/WindowsPowerShell/v1.0:/mnt/c/Windows/System32/OpenSSH:/mnt/c/Program Files (x86)/NVIDIA Corporation/PhysX/Common:/mnt/c/Program Files/NVIDIA Corporation/NVIDIA NvDLISR:/mnt/c/Program Files/Git/cmd:/mnt/c/Users/Buisine Romain/AppData/Local/Microsoft/WindowsApps:/mnt/c/Users/Buisine Romain/AppData/Local/Programs/Microsoft VS Code/bin:/mnt/c/Program Files/heroku/bin:/usr/local/sbin

Yarn version: 
  1.22.19

Node version: 
  16.15.1

Platform: 
  linux x64

Trace: 
  Error: https://registry.npmjs.org/bootstrap/-/bootstrap-5.3.3.tgz: ETIMEDOUT
      at Timeout._onTimeout (/home/romain/.nvm/versions/node/v16.15.1/lib/node_modules/yarn/lib/cli.js:141550:19)
      at listOnTimeout (node:internal/timers:559:17)
      at processTimers (node:internal/timers:502:7)

npm manifest: 
  {
    "name": "mon_portfolio",
    "version": "1.0.0",
    "description": "Portfolio de Romain",
    "main": "index.js",
    "scripts": {
      "start": "webpack-dev-server",
      "build": "webpack"
    },
    "dependencies": {
      "bootstrap": "^5.3.3"
    },
    "devDependencies": {},
    "author": "Romain B",
    "license": "ISC"
  }

yarn manifest: 
  No manifest

Lockfile: 
  # THIS IS AN AUTOGENERATED FILE. DO NOT EDIT THIS FILE DIRECTLY.
  # yarn lockfile v1
  
  
  "@popperjs/core@^2.11.8":
    "integrity" "sha512-P1st0aksCrn9sGZhp8GMYwBnQsbvAWsZAX44oXNNvLHGqAOcoVxmjZiohstwQ7SqKnbR47akdNi+uleWD8+g6A=="
    "resolved" "https://registry.npmjs.org/@popperjs/core/-/core-2.11.8.tgz"
    "version" "2.11.8"
  
  "bootstrap@^5.3.3":
    "integrity" "sha512-8HLCdWgyoMguSO9o+aH+iuZ+aht+mzW0u3HIMzVu7Srrpv7EBBxTnrFlSCskwdY1+EOFQSm7uMJhNQHkdPcmjg=="
    "resolved" "https://registry.npmjs.org/bootstrap/-/bootstrap-5.3.3.tgz"
    "version" "5.3.3"
